0 info it worked if it ends with ok
1 verbose cli [ '/usr/bin/node', '/usr/bin/npm', 'install', 'webpack' ]
2 info using npm@3.5.2
3 info using node@v8.10.0
4 silly loadCurrentTree Starting
5 silly install loadCurrentTree
6 silly install readLocalPackageData
7 silly fetchPackageMetaData webpack
8 silly fetchNamedPackageData webpack
9 silly mapToRegistry name webpack
10 silly mapToRegistry using default registry
11 silly mapToRegistry registry https://registry.npmjs.org/
12 silly mapToRegistry uri https://registry.npmjs.org/webpack
13 verbose request uri https://registry.npmjs.org/webpack
14 verbose request no auth needed
15 info attempt registry request try #1 at 02:14:21
16 verbose request id bbee3d93ecab6f71
17 http request GET https://registry.npmjs.org/webpack
18 http 200 https://registry.npmjs.org/webpack
19 verbose headers { date: 'Fri, 16 Sep 2022 23:14:21 GMT',
19 verbose headers   'content-type': 'application/json',
19 verbose headers   'transfer-encoding': 'chunked',
19 verbose headers   connection: 'keep-alive',
19 verbose headers   'cf-ray': '74bd4c45786ebbc2-FRA',
19 verbose headers   'access-control-allow-origin': '*',
19 verbose headers   age: '214',
19 verbose headers   'cache-control': 'public, max-age=300',
19 verbose headers   etag: 'W/"57eb0e1034db88fc665a5ca8a4837399"',
19 verbose headers   'last-modified': 'Mon, 25 Jul 2022 16:10:48 GMT',
19 verbose headers   vary: 'accept-encoding, accept',
19 verbose headers   'cf-cache-status': 'HIT',
19 verbose headers   'x-amz-replication-status': 'COMPLETED',
19 verbose headers   server: 'cloudflare',
19 verbose headers   'content-encoding': 'gzip' }
20 silly get cb [ 200,
20 silly get   { date: 'Fri, 16 Sep 2022 23:14:21 GMT',
20 silly get     'content-type': 'application/json',
20 silly get     'transfer-encoding': 'chunked',
20 silly get     connection: 'keep-alive',
20 silly get     'cf-ray': '74bd4c45786ebbc2-FRA',
20 silly get     'access-control-allow-origin': '*',
20 silly get     age: '214',
20 silly get     'cache-control': 'public, max-age=300',
20 silly get     etag: 'W/"57eb0e1034db88fc665a5ca8a4837399"',
20 silly get     'last-modified': 'Mon, 25 Jul 2022 16:10:48 GMT',
20 silly get     vary: 'accept-encoding, accept',
20 silly get     'cf-cache-status': 'HIT',
20 silly get     'x-amz-replication-status': 'COMPLETED',
20 silly get     server: 'cloudflare',
20 silly get     'content-encoding': 'gzip' } ]
21 verbose get saving webpack to /home/hmuriy/.npm/registry.npmjs.org/webpack/.cache.json
22 silly install normalizeTree
23 silly loadCurrentTree Finishing
24 silly loadIdealTree Starting
25 silly install loadIdealTree
26 silly cloneCurrentTree Starting
27 silly install cloneCurrentTreeToIdealTree
28 silly cloneCurrentTree Finishing
29 silly loadShrinkwrap Starting
30 silly install loadShrinkwrap
31 silly loadShrinkwrap Finishing
32 silly loadAllDepsIntoIdealTree Starting
33 silly install loadAllDepsIntoIdealTree
34 silly resolveWithNewModule webpack@5.74.0 checking installable status
35 silly cache add args [ 'webpack', null ]
36 verbose cache add spec webpack
37 silly cache add parsed spec Result {
37 silly cache add   raw: 'webpack',
37 silly cache add   scope: null,
37 silly cache add   name: 'webpack',
37 silly cache add   rawSpec: '',
37 silly cache add   spec: 'latest',
37 silly cache add   type: 'tag' }
38 silly addNamed webpack@latest
39 verbose addNamed "latest" is being treated as a dist-tag for webpack
40 info addNameTag [ 'webpack', 'latest' ]
41 silly mapToRegistry name webpack
42 silly mapToRegistry using default registry
43 silly mapToRegistry registry https://registry.npmjs.org/
44 silly mapToRegistry uri https://registry.npmjs.org/webpack
45 verbose addNameTag registry:https://registry.npmjs.org/webpack not in flight; fetching
46 verbose get https://registry.npmjs.org/webpack not expired, no request
47 silly addNameTag next cb for webpack with tag latest
48 silly addNamed webpack@5.74.0
49 verbose addNamed "5.74.0" is a plain semver version for webpack
50 silly mapToRegistry name webpack
51 silly mapToRegistry using default registry
52 silly mapToRegistry registry https://registry.npmjs.org/
53 silly mapToRegistry uri https://registry.npmjs.org/webpack
54 verbose addRemoteTarball https://registry.npmjs.org/webpack/-/webpack-5.74.0.tgz not in flight; adding
55 verbose addRemoteTarball [ 'https://registry.npmjs.org/webpack/-/webpack-5.74.0.tgz',
55 verbose addRemoteTarball   '02a5dac19a17e0bb47093f2be67c695102a55980' ]
56 info retry fetch attempt 1 at 02:14:24
57 info attempt registry request try #1 at 02:14:24
58 http fetch GET https://registry.npmjs.org/webpack/-/webpack-5.74.0.tgz
59 http fetch 200 https://registry.npmjs.org/webpack/-/webpack-5.74.0.tgz
60 silly fetchAndShaCheck shasum 02a5dac19a17e0bb47093f2be67c695102a55980
61 verbose addTmpTarball /tmp/npm-17680-e95919b2/registry.npmjs.org/webpack/-/webpack-5.74.0.tgz not in flight; adding
62 verbose addTmpTarball already have metadata; skipping unpack for webpack@5.74.0
63 silly cache afterAdd webpack@5.74.0
64 verbose afterAdd /home/hmuriy/.npm/webpack/5.74.0/package/package.json not in flight; writing
65 verbose afterAdd /home/hmuriy/.npm/webpack/5.74.0/package/package.json written
66 silly fetchNamedPackageData @types/eslint-scope
67 silly mapToRegistry name @types/eslint-scope
68 silly mapToRegistry scope (from package name) @types
69 verbose mapToRegistry no registry URL found in name for scope @types
70 silly mapToRegistry using default registry
71 silly mapToRegistry registry https://registry.npmjs.org/
72 silly mapToRegistry uri https://registry.npmjs.org/@types%2feslint-scope
73 silly fetchNamedPackageData @types/estree
74 silly mapToRegistry name @types/estree
75 silly mapToRegistry scope (from package name) @types
76 verbose mapToRegistry no registry URL found in name for scope @types
77 silly mapToRegistry using default registry
78 silly mapToRegistry registry https://registry.npmjs.org/
79 silly mapToRegistry uri https://registry.npmjs.org/@types%2festree
80 silly fetchNamedPackageData @webassemblyjs/ast
81 silly mapToRegistry name @webassemblyjs/ast
82 silly mapToRegistry scope (from package name) @webassemblyjs
83 verbose mapToRegistry no registry URL found in name for scope @webassemblyjs
84 silly mapToRegistry using default registry
85 silly mapToRegistry registry https://registry.npmjs.org/
86 silly mapToRegistry uri https://registry.npmjs.org/@webassemblyjs%2fast
87 silly fetchNamedPackageData @webassemblyjs/wasm-edit
88 silly mapToRegistry name @webassemblyjs/wasm-edit
89 silly mapToRegistry scope (from package name) @webassemblyjs
90 verbose mapToRegistry no registry URL found in name for scope @webassemblyjs
91 silly mapToRegistry using default registry
92 silly mapToRegistry registry https://registry.npmjs.org/
93 silly mapToRegistry uri https://registry.npmjs.org/@webassemblyjs%2fwasm-edit
94 silly fetchNamedPackageData @webassemblyjs/wasm-parser
95 silly mapToRegistry name @webassemblyjs/wasm-parser
96 silly mapToRegistry scope (from package name) @webassemblyjs
97 verbose mapToRegistry no registry URL found in name for scope @webassemblyjs
98 silly mapToRegistry using default registry
99 silly mapToRegistry registry https://registry.npmjs.org/
100 silly mapToRegistry uri https://registry.npmjs.org/@webassemblyjs%2fwasm-parser
101 silly fetchNamedPackageData acorn
102 silly mapToRegistry name acorn
103 silly mapToRegistry using default registry
104 silly mapToRegistry registry https://registry.npmjs.org/
105 silly mapToRegistry uri https://registry.npmjs.org/acorn
106 silly fetchNamedPackageData acorn-import-assertions
107 silly mapToRegistry name acorn-import-assertions
108 silly mapToRegistry using default registry
109 silly mapToRegistry registry https://registry.npmjs.org/
110 silly mapToRegistry uri https://registry.npmjs.org/acorn-import-assertions
111 silly fetchNamedPackageData browserslist
112 silly mapToRegistry name browserslist
113 silly mapToRegistry using default registry
114 silly mapToRegistry registry https://registry.npmjs.org/
115 silly mapToRegistry uri https://registry.npmjs.org/browserslist
116 silly fetchNamedPackageData chrome-trace-event
117 silly mapToRegistry name chrome-trace-event
118 silly mapToRegistry using default registry
119 silly mapToRegistry registry https://registry.npmjs.org/
120 silly mapToRegistry uri https://registry.npmjs.org/chrome-trace-event
121 silly fetchNamedPackageData enhanced-resolve
122 silly mapToRegistry name enhanced-resolve
123 silly mapToRegistry using default registry
124 silly mapToRegistry registry https://registry.npmjs.org/
125 silly mapToRegistry uri https://registry.npmjs.org/enhanced-resolve
126 silly fetchNamedPackageData es-module-lexer
127 silly mapToRegistry name es-module-lexer
128 silly mapToRegistry using default registry
129 silly mapToRegistry registry https://registry.npmjs.org/
130 silly mapToRegistry uri https://registry.npmjs.org/es-module-lexer
131 silly fetchNamedPackageData eslint-scope
132 silly mapToRegistry name eslint-scope
133 silly mapToRegistry using default registry
134 silly mapToRegistry registry https://registry.npmjs.org/
135 silly mapToRegistry uri https://registry.npmjs.org/eslint-scope
136 silly fetchNamedPackageData events
137 silly mapToRegistry name events
138 silly mapToRegistry using default registry
139 silly mapToRegistry registry https://registry.npmjs.org/
140 silly mapToRegistry uri https://registry.npmjs.org/events
141 silly fetchNamedPackageData glob-to-regexp
142 silly mapToRegistry name glob-to-regexp
143 silly mapToRegistry using default registry
144 silly mapToRegistry registry https://registry.npmjs.org/
145 silly mapToRegistry uri https://registry.npmjs.org/glob-to-regexp
146 silly fetchNamedPackageData graceful-fs
147 silly mapToRegistry name graceful-fs
148 silly mapToRegistry using default registry
149 silly mapToRegistry registry https://registry.npmjs.org/
150 silly mapToRegistry uri https://registry.npmjs.org/graceful-fs
151 silly fetchNamedPackageData json-parse-even-better-errors
152 silly mapToRegistry name json-parse-even-better-errors
153 silly mapToRegistry using default registry
154 silly mapToRegistry registry https://registry.npmjs.org/
155 silly mapToRegistry uri https://registry.npmjs.org/json-parse-even-better-errors
156 silly fetchNamedPackageData loader-runner
157 silly mapToRegistry name loader-runner
158 silly mapToRegistry using default registry
159 silly mapToRegistry registry https://registry.npmjs.org/
160 silly mapToRegistry uri https://registry.npmjs.org/loader-runner
161 silly fetchNamedPackageData mime-types
162 silly mapToRegistry name mime-types
163 silly mapToRegistry using default registry
164 silly mapToRegistry registry https://registry.npmjs.org/
165 silly mapToRegistry uri https://registry.npmjs.org/mime-types
166 silly fetchNamedPackageData neo-async
167 silly mapToRegistry name neo-async
168 silly mapToRegistry using default registry
169 silly mapToRegistry registry https://registry.npmjs.org/
170 silly mapToRegistry uri https://registry.npmjs.org/neo-async
171 silly fetchNamedPackageData schema-utils
172 silly mapToRegistry name schema-utils
173 silly mapToRegistry using default registry
174 silly mapToRegistry registry https://registry.npmjs.org/
175 silly mapToRegistry uri https://registry.npmjs.org/schema-utils
176 silly fetchNamedPackageData tapable
177 silly mapToRegistry name tapable
178 silly mapToRegistry using default registry
179 silly mapToRegistry registry https://registry.npmjs.org/
180 silly mapToRegistry uri https://registry.npmjs.org/tapable
181 silly fetchNamedPackageData terser-webpack-plugin
182 silly mapToRegistry name terser-webpack-plugin
183 silly mapToRegistry using default registry
184 silly mapToRegistry registry https://registry.npmjs.org/
185 silly mapToRegistry uri https://registry.npmjs.org/terser-webpack-plugin
186 silly fetchNamedPackageData watchpack
187 silly mapToRegistry name watchpack
188 silly mapToRegistry using default registry
189 silly mapToRegistry registry https://registry.npmjs.org/
190 silly mapToRegistry uri https://registry.npmjs.org/watchpack
191 silly fetchNamedPackageData webpack-sources
192 silly mapToRegistry name webpack-sources
193 silly mapToRegistry using default registry
194 silly mapToRegistry registry https://registry.npmjs.org/
195 silly mapToRegistry uri https://registry.npmjs.org/webpack-sources
196 verbose request uri https://registry.npmjs.org/@types%2feslint-scope
197 verbose request no auth needed
198 info attempt registry request try #1 at 02:14:24
199 http request GET https://registry.npmjs.org/@types%2feslint-scope
200 verbose request uri https://registry.npmjs.org/@types%2festree
201 verbose request no auth needed
202 info attempt registry request try #1 at 02:14:24
203 http request GET https://registry.npmjs.org/@types%2festree
204 verbose request uri https://registry.npmjs.org/@webassemblyjs%2fast
205 verbose request no auth needed
206 info attempt registry request try #1 at 02:14:24
207 http request GET https://registry.npmjs.org/@webassemblyjs%2fast
208 verbose request uri https://registry.npmjs.org/@webassemblyjs%2fwasm-edit
209 verbose request no auth needed
210 info attempt registry request try #1 at 02:14:24
211 http request GET https://registry.npmjs.org/@webassemblyjs%2fwasm-edit
212 verbose request uri https://registry.npmjs.org/@webassemblyjs%2fwasm-parser
213 verbose request no auth needed
214 info attempt registry request try #1 at 02:14:24
215 http request GET https://registry.npmjs.org/@webassemblyjs%2fwasm-parser
216 verbose request uri https://registry.npmjs.org/acorn
217 verbose request no auth needed
218 info attempt registry request try #1 at 02:14:24
219 http request GET https://registry.npmjs.org/acorn
220 verbose request uri https://registry.npmjs.org/acorn-import-assertions
221 verbose request no auth needed
222 info attempt registry request try #1 at 02:14:24
223 http request GET https://registry.npmjs.org/acorn-import-assertions
224 verbose request uri https://registry.npmjs.org/browserslist
225 verbose request no auth needed
226 info attempt registry request try #1 at 02:14:24
227 http request GET https://registry.npmjs.org/browserslist
228 verbose request uri https://registry.npmjs.org/chrome-trace-event
229 verbose request no auth needed
230 info attempt registry request try #1 at 02:14:24
231 http request GET https://registry.npmjs.org/chrome-trace-event
232 verbose request uri https://registry.npmjs.org/enhanced-resolve
233 verbose request no auth needed
234 info attempt registry request try #1 at 02:14:24
235 http request GET https://registry.npmjs.org/enhanced-resolve
236 verbose request uri https://registry.npmjs.org/es-module-lexer
237 verbose request no auth needed
238 info attempt registry request try #1 at 02:14:24
239 http request GET https://registry.npmjs.org/es-module-lexer
240 verbose request uri https://registry.npmjs.org/eslint-scope
241 verbose request no auth needed
242 info attempt registry request try #1 at 02:14:24
243 http request GET https://registry.npmjs.org/eslint-scope
244 verbose request uri https://registry.npmjs.org/events
245 verbose request no auth needed
246 info attempt registry request try #1 at 02:14:24
247 http request GET https://registry.npmjs.org/events
248 verbose request uri https://registry.npmjs.org/glob-to-regexp
249 verbose request no auth needed
250 info attempt registry request try #1 at 02:14:24
251 http request GET https://registry.npmjs.org/glob-to-regexp
252 verbose request uri https://registry.npmjs.org/graceful-fs
253 verbose request no auth needed
254 info attempt registry request try #1 at 02:14:24
255 http request GET https://registry.npmjs.org/graceful-fs
256 verbose request uri https://registry.npmjs.org/json-parse-even-better-errors
257 verbose request no auth needed
258 info attempt registry request try #1 at 02:14:24
259 http request GET https://registry.npmjs.org/json-parse-even-better-errors
260 verbose request uri https://registry.npmjs.org/loader-runner
261 verbose request no auth needed
262 info attempt registry request try #1 at 02:14:24
263 http request GET https://registry.npmjs.org/loader-runner
264 verbose request uri https://registry.npmjs.org/mime-types
265 verbose request no auth needed
266 info attempt registry request try #1 at 02:14:24
267 http request GET https://registry.npmjs.org/mime-types
268 verbose request uri https://registry.npmjs.org/neo-async
269 verbose request no auth needed
270 info attempt registry request try #1 at 02:14:24
271 http request GET https://registry.npmjs.org/neo-async
272 verbose request uri https://registry.npmjs.org/schema-utils
273 verbose request no auth needed
274 info attempt registry request try #1 at 02:14:24
275 http request GET https://registry.npmjs.org/schema-utils
276 verbose request uri https://registry.npmjs.org/tapable
277 verbose request no auth needed
278 info attempt registry request try #1 at 02:14:24
279 http request GET https://registry.npmjs.org/tapable
280 verbose request uri https://registry.npmjs.org/terser-webpack-plugin
281 verbose request no auth needed
282 info attempt registry request try #1 at 02:14:24
283 http request GET https://registry.npmjs.org/terser-webpack-plugin
284 verbose request uri https://registry.npmjs.org/watchpack
285 verbose request no auth needed
286 info attempt registry request try #1 at 02:14:24
287 http request GET https://registry.npmjs.org/watchpack
288 verbose request uri https://registry.npmjs.org/webpack-sources
289 verbose request no auth needed
290 info attempt registry request try #1 at 02:14:24
291 http request GET https://registry.npmjs.org/webpack-sources
292 http 200 https://registry.npmjs.org/glob-to-regexp
293 verbose headers { date: 'Fri, 16 Sep 2022 23:14:24 GMT',
293 verbose headers   'content-type': 'application/json',
293 verbose headers   'transfer-encoding': 'chunked',
293 verbose headers   connection: 'keep-alive',
293 verbose headers   'cf-ray': '74bd4c58cd43bb86-FRA',
293 verbose headers   'access-control-allow-origin': '*',
293 verbose headers   age: '63',
293 verbose headers   'cache-control': 'public, max-age=300',
293 verbose headers   etag: 'W/"17ba3a99c72274a1e9038c219ebfbadc"',
293 verbose headers   'last-modified': 'Sat, 18 Jun 2022 12:54:54 GMT',
293 verbose headers   vary: 'accept-encoding, accept',
293 verbose headers   'cf-cache-status': 'HIT',
293 verbose headers   'x-amz-replication-status': 'COMPLETED',
293 verbose headers   server: 'cloudflare',
293 verbose headers   'content-encoding': 'gzip' }
294 silly get cb [ 200,
294 silly get   { date: 'Fri, 16 Sep 2022 23:14:24 GMT',
294 silly get     'content-type': 'application/json',
294 silly get     'transfer-encoding': 'chunked',
294 silly get     connection: 'keep-alive',
294 silly get     'cf-ray': '74bd4c58cd43bb86-FRA',
294 silly get     'access-control-allow-origin': '*',
294 silly get     age: '63',
294 silly get     'cache-control': 'public, max-age=300',
294 silly get     etag: 'W/"17ba3a99c72274a1e9038c219ebfbadc"',
294 silly get     'last-modified': 'Sat, 18 Jun 2022 12:54:54 GMT',
294 silly get     vary: 'accept-encoding, accept',
294 silly get     'cf-cache-status': 'HIT',
294 silly get     'x-amz-replication-status': 'COMPLETED',
294 silly get     server: 'cloudflare',
294 silly get     'content-encoding': 'gzip' } ]
295 verbose get saving glob-to-regexp to /home/hmuriy/.npm/registry.npmjs.org/glob-to-regexp/.cache.json
296 silly resolveWithNewModule glob-to-regexp@0.4.1 checking installable status
297 silly cache add args [ 'glob-to-regexp@^0.4.1', null ]
298 verbose cache add spec glob-to-regexp@^0.4.1
299 silly cache add parsed spec Result {
299 silly cache add   raw: 'glob-to-regexp@^0.4.1',
299 silly cache add   scope: null,
299 silly cache add   name: 'glob-to-regexp',
299 silly cache add   rawSpec: '^0.4.1',
299 silly cache add   spec: '>=0.4.1 <0.5.0',
299 silly cache add   type: 'range' }
300 silly addNamed glob-to-regexp@>=0.4.1 <0.5.0
301 verbose addNamed ">=0.4.1 <0.5.0" is a valid semver range for glob-to-regexp
302 silly addNameRange { name: 'glob-to-regexp',
302 silly addNameRange   range: '>=0.4.1 <0.5.0',
302 silly addNameRange   hasData: false }
303 silly mapToRegistry name glob-to-regexp
304 silly mapToRegistry using default registry
305 silly mapToRegistry registry https://registry.npmjs.org/
306 silly mapToRegistry uri https://registry.npmjs.org/glob-to-regexp
307 verbose addNameRange registry:https://registry.npmjs.org/glob-to-regexp not in flight; fetching
308 verbose get https://registry.npmjs.org/glob-to-regexp not expired, no request
309 silly addNameRange number 2 { name: 'glob-to-regexp',
309 silly addNameRange   range: '>=0.4.1 <0.5.0',
309 silly addNameRange   hasData: true }
310 silly addNameRange versions [ 'glob-to-regexp',
310 silly addNameRange   [ '0.0.0',
310 silly addNameRange     '0.0.1',
310 silly addNameRange     '0.0.2',
310 silly addNameRange     '0.1.0',
310 silly addNameRange     '0.2.0',
310 silly addNameRange     '0.3.0',
310 silly addNameRange     '0.4.0',
310 silly addNameRange     '0.4.1' ] ]
311 silly addNamed glob-to-regexp@0.4.1
312 verbose addNamed "0.4.1" is a plain semver version for glob-to-regexp
313 silly mapToRegistry name glob-to-regexp
314 silly mapToRegistry using default registry
315 silly mapToRegistry registry https://registry.npmjs.org/
316 silly mapToRegistry uri https://registry.npmjs.org/glob-to-regexp
317 verbose addRemoteTarball https://registry.npmjs.org/glob-to-regexp/-/glob-to-regexp-0.4.1.tgz not in flight; adding
318 verbose addRemoteTarball [ 'https://registry.npmjs.org/glob-to-regexp/-/glob-to-regexp-0.4.1.tgz',
318 verbose addRemoteTarball   'c75297087c851b9a578bd217dd59a92f59fe546e' ]
319 http 200 https://registry.npmjs.org/acorn-import-assertions
320 verbose headers { date: 'Fri, 16 Sep 2022 23:14:24 GMT',
320 verbose headers   'content-type': 'application/json',
320 verbose headers   'transfer-encoding': 'chunked',
320 verbose headers   connection: 'keep-alive',
320 verbose headers   'cf-ray': '74bd4c58cb6a9131-FRA',
320 verbose headers   'access-control-allow-origin': '*',
320 verbose headers   age: '291',
320 verbose headers   'cache-control': 'public, max-age=300',
320 verbose headers   etag: 'W/"488f5987cbf781d8e8d8ae3ac9ec3afd"',
320 verbose headers   'last-modified': 'Mon, 11 Apr 2022 12:32:49 GMT',
320 verbose headers   vary: 'accept-encoding, accept',
320 verbose headers   'cf-cache-status': 'HIT',
320 verbose headers   'x-amz-replication-status': 'COMPLETED',
320 verbose headers   server: 'cloudflare',
320 verbose headers   'content-encoding': 'gzip' }
321 silly get cb [ 200,
321 silly get   { date: 'Fri, 16 Sep 2022 23:14:24 GMT',
321 silly get     'content-type': 'application/json',
321 silly get     'transfer-encoding': 'chunked',
321 silly get     connection: 'keep-alive',
321 silly get     'cf-ray': '74bd4c58cb6a9131-FRA',
321 silly get     'access-control-allow-origin': '*',
321 silly get     age: '291',
321 silly get     'cache-control': 'public, max-age=300',
321 silly get     etag: 'W/"488f5987cbf781d8e8d8ae3ac9ec3afd"',
321 silly get     'last-modified': 'Mon, 11 Apr 2022 12:32:49 GMT',
321 silly get     vary: 'accept-encoding, accept',
321 silly get     'cf-cache-status': 'HIT',
321 silly get     'x-amz-replication-status': 'COMPLETED',
321 silly get     server: 'cloudflare',
321 silly get     'content-encoding': 'gzip' } ]
322 verbose get saving acorn-import-assertions to /home/hmuriy/.npm/registry.npmjs.org/acorn-import-assertions/.cache.json
323 http 200 https://registry.npmjs.org/eslint-scope
324 verbose headers { date: 'Fri, 16 Sep 2022 23:14:24 GMT',
324 verbose headers   'content-type': 'application/json',
324 verbose headers   'transfer-encoding': 'chunked',
324 verbose headers   connection: 'keep-alive',
324 verbose headers   'cf-ray': '74bd4c58cea09b76-FRA',
324 verbose headers   'access-control-allow-origin': '*',
324 verbose headers   age: '34',
324 verbose headers   'cache-control': 'public, max-age=300',
324 verbose headers   etag: 'W/"f630448fdb6e268afa9ea6373708c880"',
324 verbose headers   'last-modified': 'Fri, 17 Jun 2022 20:46:00 GMT',
324 verbose headers   vary: 'accept-encoding, accept',
324 verbose headers   'cf-cache-status': 'HIT',
324 verbose headers   'x-amz-replication-status': 'COMPLETED',
324 verbose headers   server: 'cloudflare',
324 verbose headers   'content-encoding': 'gzip' }
325 silly get cb [ 200,
325 silly get   { date: 'Fri, 16 Sep 2022 23:14:24 GMT',
325 silly get     'content-type': 'application/json',
325 silly get     'transfer-encoding': 'chunked',
325 silly get     connection: 'keep-alive',
325 silly get     'cf-ray': '74bd4c58cea09b76-FRA',
325 silly get     'access-control-allow-origin': '*',
325 silly get     age: '34',
325 silly get     'cache-control': 'public, max-age=300',
325 silly get     etag: 'W/"f630448fdb6e268afa9ea6373708c880"',
325 silly get     'last-modified': 'Fri, 17 Jun 2022 20:46:00 GMT',
325 silly get     vary: 'accept-encoding, accept',
325 silly get     'cf-cache-status': 'HIT',
325 silly get     'x-amz-replication-status': 'COMPLETED',
325 silly get     server: 'cloudflare',
325 silly get     'content-encoding': 'gzip' } ]
326 verbose get saving eslint-scope to /home/hmuriy/.npm/registry.npmjs.org/eslint-scope/.cache.json
327 http 200 https://registry.npmjs.org/loader-runner
328 verbose headers { date: 'Fri, 16 Sep 2022 23:14:24 GMT',
328 verbose headers   'content-type': 'application/json',
328 verbose headers   'transfer-encoding': 'chunked',
328 verbose headers   connection: 'keep-alive',
328 verbose headers   'cf-ray': '74bd4c58caa69b77-FRA',
328 verbose headers   'access-control-allow-origin': '*',
328 verbose headers   age: '188',
328 verbose headers   'cache-control': 'public, max-age=300',
328 verbose headers   etag: 'W/"88e8e41f3bf4fe7198a339db906aa555"',
328 verbose headers   'last-modified': 'Sun, 19 Jun 2022 13:13:56 GMT',
328 verbose headers   vary: 'accept-encoding, accept',
328 verbose headers   'cf-cache-status': 'HIT',
328 verbose headers   'x-amz-replication-status': 'COMPLETED',
328 verbose headers   server: 'cloudflare',
328 verbose headers   'content-encoding': 'gzip' }
329 silly get cb [ 200,
329 silly get   { date: 'Fri, 16 Sep 2022 23:14:24 GMT',
329 silly get     'content-type': 'application/json',
329 silly get     'transfer-encoding': 'chunked',
329 silly get     connection: 'keep-alive',
329 silly get     'cf-ray': '74bd4c58caa69b77-FRA',
329 silly get     'access-control-allow-origin': '*',
329 silly get     age: '188',
329 silly get     'cache-control': 'public, max-age=300',
329 silly get     etag: 'W/"88e8e41f3bf4fe7198a339db906aa555"',
329 silly get     'last-modified': 'Sun, 19 Jun 2022 13:13:56 GMT',
329 silly get     vary: 'accept-encoding, accept',
329 silly get     'cf-cache-status': 'HIT',
329 silly get     'x-amz-replication-status': 'COMPLETED',
329 silly get     server: 'cloudflare',
329 silly get     'content-encoding': 'gzip' } ]
330 verbose get saving loader-runner to /home/hmuriy/.npm/registry.npmjs.org/loader-runner/.cache.json
331 info retry fetch attempt 1 at 02:14:24
332 info attempt registry request try #1 at 02:14:24
333 http fetch GET https://registry.npmjs.org/glob-to-regexp/-/glob-to-regexp-0.4.1.tgz
334 http 200 https://registry.npmjs.org/@types%2festree
335 verbose headers { date: 'Fri, 16 Sep 2022 23:14:24 GMT',
335 verbose headers   'content-type': 'application/json',
335 verbose headers   'transfer-encoding': 'chunked',
335 verbose headers   connection: 'keep-alive',
335 verbose headers   'cf-ray': '74bd4c58bc6892a8-FRA',
335 verbose headers   'access-control-allow-origin': '*',
335 verbose headers   age: '249',
335 verbose headers   'cache-control': 'public, max-age=300',
335 verbose headers   etag: 'W/"d6ca67cae037eb72c340e109c98f169c"',
335 verbose headers   'last-modified': 'Mon, 15 Aug 2022 08:27:38 GMT',
335 verbose headers   vary: 'accept-encoding, accept',
335 verbose headers   'cf-cache-status': 'HIT',
335 verbose headers   'x-amz-replication-status': 'COMPLETED',
335 verbose headers   server: 'cloudflare',
335 verbose headers   'content-encoding': 'gzip' }
336 silly get cb [ 200,
336 silly get   { date: 'Fri, 16 Sep 2022 23:14:24 GMT',
336 silly get     'content-type': 'application/json',
336 silly get     'transfer-encoding': 'chunked',
336 silly get     connection: 'keep-alive',
336 silly get     'cf-ray': '74bd4c58bc6892a8-FRA',
336 silly get     'access-control-allow-origin': '*',
336 silly get     age: '249',
336 silly get     'cache-control': 'public, max-age=300',
336 silly get     etag: 'W/"d6ca67cae037eb72c340e109c98f169c"',
336 silly get     'last-modified': 'Mon, 15 Aug 2022 08:27:38 GMT',
336 silly get     vary: 'accept-encoding, accept',
336 silly get     'cf-cache-status': 'HIT',
336 silly get     'x-amz-replication-status': 'COMPLETED',
336 silly get     server: 'cloudflare',
336 silly get     'content-encoding': 'gzip' } ]
337 verbose get saving @types/estree to /home/hmuriy/.npm/registry.npmjs.org/_40types_252festree/.cache.json
338 http 200 https://registry.npmjs.org/events
339 verbose headers { date: 'Fri, 16 Sep 2022 23:14:24 GMT',
339 verbose headers   'content-type': 'application/json',
339 verbose headers   'transfer-encoding': 'chunked',
339 verbose headers   connection: 'keep-alive',
339 verbose headers   'cf-ray': '74bd4c58ce97921d-FRA',
339 verbose headers   'access-control-allow-origin': '*',
339 verbose headers   age: '248',
339 verbose headers   'cache-control': 'public, max-age=300',
339 verbose headers   etag: 'W/"aeb469fa1f07ec43af22c7acd5f4c5da"',
339 verbose headers   'last-modified': 'Fri, 17 Jun 2022 21:35:42 GMT',
339 verbose headers   vary: 'accept-encoding, accept',
339 verbose headers   'cf-cache-status': 'HIT',
339 verbose headers   'x-amz-replication-status': 'COMPLETED',
339 verbose headers   server: 'cloudflare',
339 verbose headers   'content-encoding': 'gzip' }
340 silly get cb [ 200,
340 silly get   { date: 'Fri, 16 Sep 2022 23:14:24 GMT',
340 silly get     'content-type': 'application/json',
340 silly get     'transfer-encoding': 'chunked',
340 silly get     connection: 'keep-alive',
340 silly get     'cf-ray': '74bd4c58ce97921d-FRA',
340 silly get     'access-control-allow-origin': '*',
340 silly get     age: '248',
340 silly get     'cache-control': 'public, max-age=300',
340 silly get     etag: 'W/"aeb469fa1f07ec43af22c7acd5f4c5da"',
340 silly get     'last-modified': 'Fri, 17 Jun 2022 21:35:42 GMT',
340 silly get     vary: 'accept-encoding, accept',
340 silly get     'cf-cache-status': 'HIT',
340 silly get     'x-amz-replication-status': 'COMPLETED',
340 silly get     server: 'cloudflare',
340 silly get     'content-encoding': 'gzip' } ]
341 verbose get saving events to /home/hmuriy/.npm/registry.npmjs.org/events/.cache.json
342 http 200 https://registry.npmjs.org/json-parse-even-better-errors
343 verbose headers { date: 'Fri, 16 Sep 2022 23:14:24 GMT',
343 verbose headers   'content-type': 'application/json',
343 verbose headers   'transfer-encoding': 'chunked',
343 verbose headers   connection: 'keep-alive',
343 verbose headers   'cf-ray': '74bd4c58d84abba9-FRA',
343 verbose headers   'access-control-allow-origin': '*',
343 verbose headers   age: '61',
343 verbose headers   'cache-control': 'public, max-age=300',
343 verbose headers   etag: 'W/"df0e6d7f15488e629eb77880d4341379"',
343 verbose headers   'last-modified': 'Tue, 14 Jun 2022 04:47:41 GMT',
343 verbose headers   vary: 'accept-encoding, accept',
343 verbose headers   'cf-cache-status': 'HIT',
343 verbose headers   'x-amz-replication-status': 'COMPLETED',
343 verbose headers   server: 'cloudflare',
343 verbose headers   'content-encoding': 'gzip' }
344 silly get cb [ 200,
344 silly get   { date: 'Fri, 16 Sep 2022 23:14:24 GMT',
344 silly get     'content-type': 'application/json',
344 silly get     'transfer-encoding': 'chunked',
344 silly get     connection: 'keep-alive',
344 silly get     'cf-ray': '74bd4c58d84abba9-FRA',
344 silly get     'access-control-allow-origin': '*',
344 silly get     age: '61',
344 silly get     'cache-control': 'public, max-age=300',
344 silly get     etag: 'W/"df0e6d7f15488e629eb77880d4341379"',
344 silly get     'last-modified': 'Tue, 14 Jun 2022 04:47:41 GMT',
344 silly get     vary: 'accept-encoding, accept',
344 silly get     'cf-cache-status': 'HIT',
344 silly get     'x-amz-replication-status': 'COMPLETED',
344 silly get     server: 'cloudflare',
344 silly get     'content-encoding': 'gzip' } ]
345 verbose get saving json-parse-even-better-errors to /home/hmuriy/.npm/registry.npmjs.org/json-parse-even-better-errors/.cache.json
346 http 200 https://registry.npmjs.org/graceful-fs
347 verbose headers { date: 'Fri, 16 Sep 2022 23:14:24 GMT',
347 verbose headers   'content-type': 'application/json',
347 verbose headers   'transfer-encoding': 'chunked',
347 verbose headers   connection: 'keep-alive',
347 verbose headers   'cf-ray': '74bd4c58defabb7f-FRA',
347 verbose headers   'access-control-allow-origin': '*',
347 verbose headers   age: '255',
347 verbose headers   'cache-control': 'public, max-age=300',
347 verbose headers   etag: 'W/"85798e5e41077e4112ff35d162cc44f0"',
347 verbose headers   'last-modified': 'Sat, 18 Jun 2022 13:45:37 GMT',
347 verbose headers   vary: 'accept-encoding, accept',
347 verbose headers   'cf-cache-status': 'HIT',
347 verbose headers   'x-amz-replication-status': 'COMPLETED',
347 verbose headers   server: 'cloudflare',
347 verbose headers   'content-encoding': 'gzip' }
348 silly get cb [ 200,
348 silly get   { date: 'Fri, 16 Sep 2022 23:14:24 GMT',
348 silly get     'content-type': 'application/json',
348 silly get     'transfer-encoding': 'chunked',
348 silly get     connection: 'keep-alive',
348 silly get     'cf-ray': '74bd4c58defabb7f-FRA',
348 silly get     'access-control-allow-origin': '*',
348 silly get     age: '255',
348 silly get     'cache-control': 'public, max-age=300',
348 silly get     etag: 'W/"85798e5e41077e4112ff35d162cc44f0"',
348 silly get     'last-modified': 'Sat, 18 Jun 2022 13:45:37 GMT',
348 silly get     vary: 'accept-encoding, accept',
348 silly get     'cf-cache-status': 'HIT',
348 silly get     'x-amz-replication-status': 'COMPLETED',
348 silly get     server: 'cloudflare',
348 silly get     'content-encoding': 'gzip' } ]
349 verbose get saving graceful-fs to /home/hmuriy/.npm/registry.npmjs.org/graceful-fs/.cache.json
350 silly resolveWithNewModule acorn-import-assertions@1.8.0 checking installable status
351 silly cache add args [ 'acorn-import-assertions@^1.7.6', null ]
352 verbose cache add spec acorn-import-assertions@^1.7.6
353 silly cache add parsed spec Result {
353 silly cache add   raw: 'acorn-import-assertions@^1.7.6',
353 silly cache add   scope: null,
353 silly cache add   name: 'acorn-import-assertions',
353 silly cache add   rawSpec: '^1.7.6',
353 silly cache add   spec: '>=1.7.6 <2.0.0',
353 silly cache add   type: 'range' }
354 silly addNamed acorn-import-assertions@>=1.7.6 <2.0.0
355 verbose addNamed ">=1.7.6 <2.0.0" is a valid semver range for acorn-import-assertions
356 silly addNameRange { name: 'acorn-import-assertions',
356 silly addNameRange   range: '>=1.7.6 <2.0.0',
356 silly addNameRange   hasData: false }
357 silly mapToRegistry name acorn-import-assertions
358 silly mapToRegistry using default registry
359 silly mapToRegistry registry https://registry.npmjs.org/
360 silly mapToRegistry uri https://registry.npmjs.org/acorn-import-assertions
361 verbose addNameRange registry:https://registry.npmjs.org/acorn-import-assertions not in flight; fetching
362 silly resolveWithNewModule eslint-scope@5.1.1 checking installable status
363 silly cache add args [ 'eslint-scope@5.1.1', null ]
364 verbose cache add spec eslint-scope@5.1.1
365 silly cache add parsed spec Result {
365 silly cache add   raw: 'eslint-scope@5.1.1',
365 silly cache add   scope: null,
365 silly cache add   name: 'eslint-scope',
365 silly cache add   rawSpec: '5.1.1',
365 silly cache add   spec: '5.1.1',
365 silly cache add   type: 'version' }
366 silly addNamed eslint-scope@5.1.1
367 verbose addNamed "5.1.1" is a plain semver version for eslint-scope
368 silly mapToRegistry name eslint-scope
369 silly mapToRegistry using default registry
370 silly mapToRegistry registry https://registry.npmjs.org/
371 silly mapToRegistry uri https://registry.npmjs.org/eslint-scope
372 verbose addNameVersion registry:https://registry.npmjs.org/eslint-scope not in flight; fetching
373 silly resolveWithNewModule loader-runner@4.3.0 checking installable status
374 silly cache add args [ 'loader-runner@^4.2.0', null ]
375 verbose cache add spec loader-runner@^4.2.0
376 silly cache add parsed spec Result {
376 silly cache add   raw: 'loader-runner@^4.2.0',
376 silly cache add   scope: null,
376 silly cache add   name: 'loader-runner',
376 silly cache add   rawSpec: '^4.2.0',
376 silly cache add   spec: '>=4.2.0 <5.0.0',
376 silly cache add   type: 'range' }
377 silly addNamed loader-runner@>=4.2.0 <5.0.0
378 verbose addNamed ">=4.2.0 <5.0.0" is a valid semver range for loader-runner
379 silly addNameRange { name: 'loader-runner',
379 silly addNameRange   range: '>=4.2.0 <5.0.0',
379 silly addNameRange   hasData: false }
380 silly mapToRegistry name loader-runner
381 silly mapToRegistry using default registry
382 silly mapToRegistry registry https://registry.npmjs.org/
383 silly mapToRegistry uri https://registry.npmjs.org/loader-runner
384 verbose addNameRange registry:https://registry.npmjs.org/loader-runner not in flight; fetching
385 http fetch 200 https://registry.npmjs.org/glob-to-regexp/-/glob-to-regexp-0.4.1.tgz
386 http 200 https://registry.npmjs.org/@webassemblyjs%2fast
387 verbose headers { date: 'Fri, 16 Sep 2022 23:14:24 GMT',
387 verbose headers   'content-type': 'application/json',
387 verbose headers   'transfer-encoding': 'chunked',
387 verbose headers   connection: 'keep-alive',
387 verbose headers   'cf-ray': '74bd4c58bb555bf9-FRA',
387 verbose headers   'access-control-allow-origin': '*',
387 verbose headers   age: '237',
387 verbose headers   'cache-control': 'public, max-age=300',
387 verbose headers   etag: 'W/"eb8d5825f57ea19ace0bf2214232eaf5"',
387 verbose headers   'last-modified': 'Sat, 02 Jul 2022 11:52:55 GMT',
387 verbose headers   vary: 'accept-encoding, accept',
387 verbose headers   'cf-cache-status': 'HIT',
387 verbose headers   'x-amz-replication-status': 'COMPLETED',
387 verbose headers   server: 'cloudflare',
387 verbose headers   'content-encoding': 'gzip' }
388 silly get cb [ 200,
388 silly get   { date: 'Fri, 16 Sep 2022 23:14:24 GMT',
388 silly get     'content-type': 'application/json',
388 silly get     'transfer-encoding': 'chunked',
388 silly get     connection: 'keep-alive',
388 silly get     'cf-ray': '74bd4c58bb555bf9-FRA',
388 silly get     'access-control-allow-origin': '*',
388 silly get     age: '237',
388 silly get     'cache-control': 'public, max-age=300',
388 silly get     etag: 'W/"eb8d5825f57ea19ace0bf2214232eaf5"',
388 silly get     'last-modified': 'Sat, 02 Jul 2022 11:52:55 GMT',
388 silly get     vary: 'accept-encoding, accept',
388 silly get     'cf-cache-status': 'HIT',
388 silly get     'x-amz-replication-status': 'COMPLETED',
388 silly get     server: 'cloudflare',
388 silly get     'content-encoding': 'gzip' } ]
389 verbose get saving @webassemblyjs/ast to /home/hmuriy/.npm/registry.npmjs.org/_40webassemblyjs_252fast/.cache.json
390 http 200 https://registry.npmjs.org/es-module-lexer
391 verbose headers { date: 'Fri, 16 Sep 2022 23:14:24 GMT',
391 verbose headers   'content-type': 'application/json',
391 verbose headers   'transfer-encoding': 'chunked',
391 verbose headers   connection: 'keep-alive',
391 verbose headers   'cf-ray': '74bd4c58cadc5c92-FRA',
391 verbose headers   'access-control-allow-origin': '*',
391 verbose headers   age: '188',
391 verbose headers   'cache-control': 'public, max-age=300',
391 verbose headers   etag: 'W/"97c16b3ea6a3a4d4d847ffb80de5a890"',
391 verbose headers   'last-modified': 'Wed, 10 Aug 2022 13:46:57 GMT',
391 verbose headers   vary: 'accept-encoding, accept',
391 verbose headers   'cf-cache-status': 'HIT',
391 verbose headers   'x-amz-replication-status': 'PENDING',
391 verbose headers   server: 'cloudflare',
391 verbose headers   'content-encoding': 'gzip' }
392 silly get cb [ 200,
392 silly get   { date: 'Fri, 16 Sep 2022 23:14:24 GMT',
392 silly get     'content-type': 'application/json',
392 silly get     'transfer-encoding': 'chunked',
392 silly get     connection: 'keep-alive',
392 silly get     'cf-ray': '74bd4c58cadc5c92-FRA',
392 silly get     'access-control-allow-origin': '*',
392 silly get     age: '188',
392 silly get     'cache-control': 'public, max-age=300',
392 silly get     etag: 'W/"97c16b3ea6a3a4d4d847ffb80de5a890"',
392 silly get     'last-modified': 'Wed, 10 Aug 2022 13:46:57 GMT',
392 silly get     vary: 'accept-encoding, accept',
392 silly get     'cf-cache-status': 'HIT',
392 silly get     'x-amz-replication-status': 'PENDING',
392 silly get     server: 'cloudflare',
392 silly get     'content-encoding': 'gzip' } ]
393 verbose get saving es-module-lexer to /home/hmuriy/.npm/registry.npmjs.org/es-module-lexer/.cache.json
394 http 200 https://registry.npmjs.org/@webassemblyjs%2fwasm-edit
395 verbose headers { date: 'Fri, 16 Sep 2022 23:14:24 GMT',
395 verbose headers   'content-type': 'application/json',
395 verbose headers   'transfer-encoding': 'chunked',
395 verbose headers   connection: 'keep-alive',
395 verbose headers   'cf-ray': '74bd4c58ca809bb8-FRA',
395 verbose headers   'access-control-allow-origin': '*',
395 verbose headers   age: '182',
395 verbose headers   'cache-control': 'public, max-age=300',
395 verbose headers   etag: 'W/"3f9e2228d1a6611afce7f7ccd77251c9"',
395 verbose headers   'last-modified': 'Sat, 02 Jul 2022 11:53:01 GMT',
395 verbose headers   vary: 'accept-encoding, accept',
395 verbose headers   'cf-cache-status': 'HIT',
395 verbose headers   'x-amz-replication-status': 'COMPLETED',
395 verbose headers   server: 'cloudflare',
395 verbose headers   'content-encoding': 'gzip' }
396 silly get cb [ 200,
396 silly get   { date: 'Fri, 16 Sep 2022 23:14:24 GMT',
396 silly get     'content-type': 'application/json',
396 silly get     'transfer-encoding': 'chunked',
396 silly get     connection: 'keep-alive',
396 silly get     'cf-ray': '74bd4c58ca809bb8-FRA',
396 silly get     'access-control-allow-origin': '*',
396 silly get     age: '182',
396 silly get     'cache-control': 'public, max-age=300',
396 silly get     etag: 'W/"3f9e2228d1a6611afce7f7ccd77251c9"',
396 silly get     'last-modified': 'Sat, 02 Jul 2022 11:53:01 GMT',
396 silly get     vary: 'accept-encoding, accept',
396 silly get     'cf-cache-status': 'HIT',
396 silly get     'x-amz-replication-status': 'COMPLETED',
396 silly get     server: 'cloudflare',
396 silly get     'content-encoding': 'gzip' } ]
397 verbose get saving @webassemblyjs/wasm-edit to /home/hmuriy/.npm/registry.npmjs.org/_40webassemblyjs_252fwasm-edit/.cache.json
398 http 200 https://registry.npmjs.org/mime-types
399 verbose headers { date: 'Fri, 16 Sep 2022 23:14:24 GMT',
399 verbose headers   'content-type': 'application/json',
399 verbose headers   'transfer-encoding': 'chunked',
399 verbose headers   connection: 'keep-alive',
399 verbose headers   'cf-ray': '74bd4c58edb66940-FRA',
399 verbose headers   'access-control-allow-origin': '*',
399 verbose headers   age: '90',
399 verbose headers   'cache-control': 'public, max-age=300',
399 verbose headers   etag: 'W/"9fad4da85338764c529a1b10c035597d"',
399 verbose headers   'last-modified': 'Sun, 19 Jun 2022 19:56:02 GMT',
399 verbose headers   vary: 'accept-encoding, accept',
399 verbose headers   'cf-cache-status': 'HIT',
399 verbose headers   'x-amz-replication-status': 'COMPLETED',
399 verbose headers   server: 'cloudflare',
399 verbose headers   'content-encoding': 'gzip' }
400 silly get cb [ 200,
400 silly get   { date: 'Fri, 16 Sep 2022 23:14:24 GMT',
400 silly get     'content-type': 'application/json',
400 silly get     'transfer-encoding': 'chunked',
400 silly get     connection: 'keep-alive',
400 silly get     'cf-ray': '74bd4c58edb66940-FRA',
400 silly get     'access-control-allow-origin': '*',
400 silly get     age: '90',
400 silly get     'cache-control': 'public, max-age=300',
400 silly get     etag: 'W/"9fad4da85338764c529a1b10c035597d"',
400 silly get     'last-modified': 'Sun, 19 Jun 2022 19:56:02 GMT',
400 silly get     vary: 'accept-encoding, accept',
400 silly get     'cf-cache-status': 'HIT',
400 silly get     'x-amz-replication-status': 'COMPLETED',
400 silly get     server: 'cloudflare',
400 silly get     'content-encoding': 'gzip' } ]
401 verbose get saving mime-types to /home/hmuriy/.npm/registry.npmjs.org/mime-types/.cache.json
402 silly fetchAndShaCheck shasum c75297087c851b9a578bd217dd59a92f59fe546e
403 verbose get https://registry.npmjs.org/acorn-import-assertions not expired, no request
404 silly addNameRange number 2 { name: 'acorn-import-assertions',
404 silly addNameRange   range: '>=1.7.6 <2.0.0',
404 silly addNameRange   hasData: true }
405 silly addNameRange versions [ 'acorn-import-assertions',
405 silly addNameRange   [ '1.0.0',
405 silly addNameRange     '1.1.0',
405 silly addNameRange     '1.2.0',
405 silly addNameRange     '1.3.0',
405 silly addNameRange     '1.4.0',
405 silly addNameRange     '1.4.1',
405 silly addNameRange     '1.4.2',
405 silly addNameRange     '1.4.3',
405 silly addNameRange     '1.4.4',
405 silly addNameRange     '1.4.5',
405 silly addNameRange     '1.4.6',
405 silly addNameRange     '1.5.0',
405 silly addNameRange     '1.6.0',
405 silly addNameRange     '1.7.0',
405 silly addNameRange     '1.7.1',
405 silly addNameRange     '1.7.2',
405 silly addNameRange     '1.7.3',
405 silly addNameRange     '1.7.4',
405 silly addNameRange     '1.7.5',
405 silly addNameRange     '1.7.6',
405 silly addNameRange     '1.8.0' ] ]
406 silly addNamed acorn-import-assertions@1.8.0
407 verbose addNamed "1.8.0" is a plain semver version for acorn-import-assertions
408 verbose get https://registry.npmjs.org/eslint-scope not expired, no request
409 verbose get https://registry.npmjs.org/loader-runner not expired, no request
410 silly addNameRange number 2 { name: 'loader-runner', range: '>=4.2.0 <5.0.0', hasData: true }
411 silly addNameRange versions [ 'loader-runner',
411 silly addNameRange   [ '2.0.0',
411 silly addNameRange     '2.0.1',
411 silly addNameRange     '2.1.0',
411 silly addNameRange     '2.1.1',
411 silly addNameRange     '2.2.0',
411 silly addNameRange     '2.3.0',
411 silly addNameRange     '2.3.1',
411 silly addNameRange     '3.0.0',
411 silly addNameRange     '2.4.0',
411 silly addNameRange     '3.1.0',
411 silly addNameRange     '4.0.0',
411 silly addNameRange     '4.1.0',
411 silly addNameRange     '4.2.0',
411 silly addNameRange     '4.3.0' ] ]
412 silly addNamed loader-runner@4.3.0
413 verbose addNamed "4.3.0" is a plain semver version for loader-runner
414 http 200 https://registry.npmjs.org/tapable
415 verbose headers { date: 'Fri, 16 Sep 2022 23:14:24 GMT',
415 verbose headers   'content-type': 'application/json',
415 verbose headers   'transfer-encoding': 'chunked',
415 verbose headers   connection: 'keep-alive',
415 verbose headers   'cf-ray': '74bd4c58e8cc9b6e-FRA',
415 verbose headers   'access-control-allow-origin': '*',
415 verbose headers   age: '197',
415 verbose headers   'cache-control': 'public, max-age=300',
415 verbose headers   etag: 'W/"5a28bababd1ae305f77733c10a899da2"',
415 verbose headers   'last-modified': 'Mon, 27 Jun 2022 03:51:11 GMT',
415 verbose headers   vary: 'accept-encoding, accept',
415 verbose headers   'cf-cache-status': 'HIT',
415 verbose headers   'x-amz-replication-status': 'COMPLETED',
415 verbose headers   server: 'cloudflare',
415 verbose headers   'content-encoding': 'gzip' }
416 silly get cb [ 200,
416 silly get   { date: 'Fri, 16 Sep 2022 23:14:24 GMT',
416 silly get     'content-type': 'application/json',
416 silly get     'transfer-encoding': 'chunked',
416 silly get     connection: 'keep-alive',
416 silly get     'cf-ray': '74bd4c58e8cc9b6e-FRA',
416 silly get     'access-control-allow-origin': '*',
416 silly get     age: '197',
416 silly get     'cache-control': 'public, max-age=300',
416 silly get     etag: 'W/"5a28bababd1ae305f77733c10a899da2"',
416 silly get     'last-modified': 'Mon, 27 Jun 2022 03:51:11 GMT',
416 silly get     vary: 'accept-encoding, accept',
416 silly get     'cf-cache-status': 'HIT',
416 silly get     'x-amz-replication-status': 'COMPLETED',
416 silly get     server: 'cloudflare',
416 silly get     'content-encoding': 'gzip' } ]
417 verbose get saving tapable to /home/hmuriy/.npm/registry.npmjs.org/tapable/.cache.json
418 silly mapToRegistry name acorn-import-assertions
419 silly mapToRegistry using default registry
420 silly mapToRegistry registry https://registry.npmjs.org/
421 silly mapToRegistry uri https://registry.npmjs.org/acorn-import-assertions
422 verbose addRemoteTarball https://registry.npmjs.org/acorn-import-assertions/-/acorn-import-assertions-1.8.0.tgz not in flight; adding
423 verbose addRemoteTarball [ 'https://registry.npmjs.org/acorn-import-assertions/-/acorn-import-assertions-1.8.0.tgz',
423 verbose addRemoteTarball   'ba2b5939ce62c238db6d93d81c9b111b29b855e9' ]
424 silly mapToRegistry name eslint-scope
425 silly mapToRegistry using default registry
426 silly mapToRegistry registry https://registry.npmjs.org/
427 silly mapToRegistry uri https://registry.npmjs.org/eslint-scope
428 verbose addRemoteTarball https://registry.npmjs.org/eslint-scope/-/eslint-scope-5.1.1.tgz not in flight; adding
429 verbose addRemoteTarball [ 'https://registry.npmjs.org/eslint-scope/-/eslint-scope-5.1.1.tgz',
429 verbose addRemoteTarball   'e786e59a66cb92b3f6c1fb0d508aab174848f48c' ]
430 silly mapToRegistry name loader-runner
431 silly mapToRegistry using default registry
432 silly mapToRegistry registry https://registry.npmjs.org/
433 silly mapToRegistry uri https://registry.npmjs.org/loader-runner
434 verbose addRemoteTarball https://registry.npmjs.org/loader-runner/-/loader-runner-4.3.0.tgz not in flight; adding
435 verbose addRemoteTarball [ 'https://registry.npmjs.org/loader-runner/-/loader-runner-4.3.0.tgz',
435 verbose addRemoteTarball   'c1b4a163b99f614830353b16755e7149ac2314e1' ]
436 silly resolveWithNewModule @types/estree@0.0.51 checking installable status
437 silly cache add args [ '@types/estree@^0.0.51', null ]
438 verbose cache add spec @types/estree@^0.0.51
439 silly cache add parsed spec Result {
439 silly cache add   raw: '@types/estree@^0.0.51',
439 silly cache add   scope: '@types',
439 silly cache add   name: '@types/estree',
439 silly cache add   rawSpec: '^0.0.51',
439 silly cache add   spec: '>=0.0.51 <0.0.52',
439 silly cache add   type: 'range' }
440 silly addNamed @types/estree@>=0.0.51 <0.0.52
441 verbose addNamed ">=0.0.51 <0.0.52" is a valid semver range for @types/estree
442 silly addNameRange { name: '@types/estree',
442 silly addNameRange   range: '>=0.0.51 <0.0.52',
442 silly addNameRange   hasData: false }
443 silly mapToRegistry name @types/estree
444 silly mapToRegistry scope (from package name) @types
445 verbose mapToRegistry no registry URL found in name for scope @types
446 silly mapToRegistry using default registry
447 silly mapToRegistry registry https://registry.npmjs.org/
448 silly mapToRegistry uri https://registry.npmjs.org/@types%2festree
449 verbose addNameRange registry:https://registry.npmjs.org/@types%2festree not in flight; fetching
450 http 200 https://registry.npmjs.org/watchpack
451 verbose headers { date: 'Fri, 16 Sep 2022 23:14:24 GMT',
451 verbose headers   'content-type': 'application/json',
451 verbose headers   'transfer-encoding': 'chunked',
451 verbose headers   connection: 'keep-alive',
451 verbose headers   'cf-ray': '74bd4c58eb7c5c74-FRA',
451 verbose headers   'access-control-allow-origin': '*',
451 verbose headers   age: '188',
451 verbose headers   'cache-control': 'public, max-age=300',
451 verbose headers   etag: 'W/"e4a829c224c5370995b9143411e28c1a"',
451 verbose headers   'last-modified': 'Tue, 28 Jun 2022 22:02:42 GMT',
451 verbose headers   vary: 'accept-encoding, accept',
451 verbose headers   'cf-cache-status': 'HIT',
451 verbose headers   'x-amz-replication-status': 'PENDING',
451 verbose headers   server: 'cloudflare',
451 verbose headers   'content-encoding': 'gzip' }
452 silly get cb [ 200,
452 silly get   { date: 'Fri, 16 Sep 2022 23:14:24 GMT',
452 silly get     'content-type': 'application/json',
452 silly get     'transfer-encoding': 'chunked',
452 silly get     connection: 'keep-alive',
452 silly get     'cf-ray': '74bd4c58eb7c5c74-FRA',
452 silly get     'access-control-allow-origin': '*',
452 silly get     age: '188',
452 silly get     'cache-control': 'public, max-age=300',
452 silly get     etag: 'W/"e4a829c224c5370995b9143411e28c1a"',
452 silly get     'last-modified': 'Tue, 28 Jun 2022 22:02:42 GMT',
452 silly get     vary: 'accept-encoding, accept',
452 silly get     'cf-cache-status': 'HIT',
452 silly get     'x-amz-replication-status': 'PENDING',
452 silly get     server: 'cloudflare',
452 silly get     'content-encoding': 'gzip' } ]
453 verbose get saving watchpack to /home/hmuriy/.npm/registry.npmjs.org/watchpack/.cache.json
454 verbose addTmpTarball /tmp/npm-17680-e95919b2/registry.npmjs.org/glob-to-regexp/-/glob-to-regexp-0.4.1.tgz not in flight; adding
455 verbose addTmpTarball already have metadata; skipping unpack for glob-to-regexp@0.4.1
456 silly resolveWithNewModule events@3.3.0 checking installable status
457 silly cache add args [ 'events@^3.2.0', null ]
458 verbose cache add spec events@^3.2.0
459 silly cache add parsed spec Result {
459 silly cache add   raw: 'events@^3.2.0',
459 silly cache add   scope: null,
459 silly cache add   name: 'events',
459 silly cache add   rawSpec: '^3.2.0',
459 silly cache add   spec: '>=3.2.0 <4.0.0',
459 silly cache add   type: 'range' }
460 silly addNamed events@>=3.2.0 <4.0.0
461 verbose addNamed ">=3.2.0 <4.0.0" is a valid semver range for events
462 silly addNameRange { name: 'events', range: '>=3.2.0 <4.0.0', hasData: false }
463 silly mapToRegistry name events
464 silly mapToRegistry using default registry
465 silly mapToRegistry registry https://registry.npmjs.org/
466 silly mapToRegistry uri https://registry.npmjs.org/events
467 verbose addNameRange registry:https://registry.npmjs.org/events not in flight; fetching
468 http 200 https://registry.npmjs.org/webpack-sources
469 verbose headers { date: 'Fri, 16 Sep 2022 23:14:24 GMT',
469 verbose headers   'content-type': 'application/json',
469 verbose headers   'transfer-encoding': 'chunked',
469 verbose headers   connection: 'keep-alive',
469 verbose headers   'cf-ray': '74bd4c58ef886916-FRA',
469 verbose headers   'access-control-allow-origin': '*',
469 verbose headers   age: '34',
469 verbose headers   'cache-control': 'public, max-age=300',
469 verbose headers   etag: 'W/"10a114145c1682511d275fdacd0f3b4a"',
469 verbose headers   'last-modified': 'Wed, 29 Jun 2022 00:08:56 GMT',
469 verbose headers   vary: 'accept-encoding, accept',
469 verbose headers   'cf-cache-status': 'HIT',
469 verbose headers   'x-amz-replication-status': 'PENDING',
469 verbose headers   server: 'cloudflare',
469 verbose headers   'content-encoding': 'gzip' }
470 silly get cb [ 200,
470 silly get   { date: 'Fri, 16 Sep 2022 23:14:24 GMT',
470 silly get     'content-type': 'application/json',
470 silly get     'transfer-encoding': 'chunked',
470 silly get     connection: 'keep-alive',
470 silly get     'cf-ray': '74bd4c58ef886916-FRA',
470 silly get     'access-control-allow-origin': '*',
470 silly get     age: '34',
470 silly get     'cache-control': 'public, max-age=300',
470 silly get     etag: 'W/"10a114145c1682511d275fdacd0f3b4a"',
470 silly get     'last-modified': 'Wed, 29 Jun 2022 00:08:56 GMT',
470 silly get     vary: 'accept-encoding, accept',
470 silly get     'cf-cache-status': 'HIT',
470 silly get     'x-amz-replication-status': 'PENDING',
470 silly get     server: 'cloudflare',
470 silly get     'content-encoding': 'gzip' } ]
471 verbose get saving webpack-sources to /home/hmuriy/.npm/registry.npmjs.org/webpack-sources/.cache.json
472 silly resolveWithNewModule json-parse-even-better-errors@2.3.1 checking installable status
473 silly cache add args [ 'json-parse-even-better-errors@^2.3.1', null ]
474 verbose cache add spec json-parse-even-better-errors@^2.3.1
475 silly cache add parsed spec Result {
475 silly cache add   raw: 'json-parse-even-better-errors@^2.3.1',
475 silly cache add   scope: null,
475 silly cache add   name: 'json-parse-even-better-errors',
475 silly cache add   rawSpec: '^2.3.1',
475 silly cache add   spec: '>=2.3.1 <3.0.0',
475 silly cache add   type: 'range' }
476 silly addNamed json-parse-even-better-errors@>=2.3.1 <3.0.0
477 verbose addNamed ">=2.3.1 <3.0.0" is a valid semver range for json-parse-even-better-errors
478 silly addNameRange { name: 'json-parse-even-better-errors',
478 silly addNameRange   range: '>=2.3.1 <3.0.0',
478 silly addNameRange   hasData: false }
479 silly mapToRegistry name json-parse-even-better-errors
480 silly mapToRegistry using default registry
481 silly mapToRegistry registry https://registry.npmjs.org/
482 silly mapToRegistry uri https://registry.npmjs.org/json-parse-even-better-errors
483 verbose addNameRange registry:https://registry.npmjs.org/json-parse-even-better-errors not in flight; fetching
484 info retry fetch attempt 1 at 02:14:25
485 info attempt registry request try #1 at 02:14:25
486 http fetch GET https://registry.npmjs.org/acorn-import-assertions/-/acorn-import-assertions-1.8.0.tgz
487 info retry fetch attempt 1 at 02:14:25
488 info attempt registry request try #1 at 02:14:25
489 http fetch GET https://registry.npmjs.org/eslint-scope/-/eslint-scope-5.1.1.tgz
490 info retry fetch attempt 1 at 02:14:25
491 info attempt registry request try #1 at 02:14:25
492 http fetch GET https://registry.npmjs.org/loader-runner/-/loader-runner-4.3.0.tgz
493 silly resolveWithNewModule graceful-fs@4.2.10 checking installable status
494 silly cache add args [ 'graceful-fs@^4.2.9', null ]
495 verbose cache add spec graceful-fs@^4.2.9
496 silly cache add parsed spec Result {
496 silly cache add   raw: 'graceful-fs@^4.2.9',
496 silly cache add   scope: null,
496 silly cache add   name: 'graceful-fs',
496 silly cache add   rawSpec: '^4.2.9',
496 silly cache add   spec: '>=4.2.9 <5.0.0',
496 silly cache add   type: 'range' }
497 silly addNamed graceful-fs@>=4.2.9 <5.0.0
498 verbose addNamed ">=4.2.9 <5.0.0" is a valid semver range for graceful-fs
499 silly addNameRange { name: 'graceful-fs', range: '>=4.2.9 <5.0.0', hasData: false }
500 silly mapToRegistry name graceful-fs
501 silly mapToRegistry using default registry
502 silly mapToRegistry registry https://registry.npmjs.org/
503 silly mapToRegistry uri https://registry.npmjs.org/graceful-fs
504 verbose addNameRange registry:https://registry.npmjs.org/graceful-fs not in flight; fetching
505 silly resolveWithNewModule @webassemblyjs/ast@1.11.1 checking installable status
506 silly cache add args [ '@webassemblyjs/ast@1.11.1', null ]
507 verbose cache add spec @webassemblyjs/ast@1.11.1
508 silly cache add parsed spec Result {
508 silly cache add   raw: '@webassemblyjs/ast@1.11.1',
508 silly cache add   scope: '@webassemblyjs',
508 silly cache add   name: '@webassemblyjs/ast',
508 silly cache add   rawSpec: '1.11.1',
508 silly cache add   spec: '1.11.1',
508 silly cache add   type: 'version' }
509 silly addNamed @webassemblyjs/ast@1.11.1
510 verbose addNamed "1.11.1" is a plain semver version for @webassemblyjs/ast
511 silly mapToRegistry name @webassemblyjs/ast
512 silly mapToRegistry scope (from package name) @webassemblyjs
513 verbose mapToRegistry no registry URL found in name for scope @webassemblyjs
514 silly mapToRegistry using default registry
515 silly mapToRegistry registry https://registry.npmjs.org/
516 silly mapToRegistry uri https://registry.npmjs.org/@webassemblyjs%2fast
517 verbose addNameVersion registry:https://registry.npmjs.org/@webassemblyjs%2fast not in flight; fetching
518 verbose stack Error: Missing required argument #1
518 verbose stack     at andLogAndFinish (/usr/share/npm/lib/fetch-package-metadata.js:31:3)
518 verbose stack     at fetchPackageMetadata (/usr/share/npm/lib/fetch-package-metadata.js:51:22)
518 verbose stack     at resolveWithNewModule (/usr/share/npm/lib/install/deps.js:456:12)
518 verbose stack     at /usr/share/npm/lib/install/deps.js:457:7
518 verbose stack     at /usr/share/npm/node_modules/iferr/index.js:13:50
518 verbose stack     at /usr/share/npm/lib/fetch-package-metadata.js:37:12
518 verbose stack     at addRequestedAndFinish (/usr/share/npm/lib/fetch-package-metadata.js:82:5)
518 verbose stack     at returnAndAddMetadata (/usr/share/npm/lib/fetch-package-metadata.js:117:7)
518 verbose stack     at pickVersionFromRegistryDocument (/usr/share/npm/lib/fetch-package-metadata.js:134:20)
518 verbose stack     at /usr/share/npm/node_modules/iferr/index.js:13:50
519 verbose cwd /home/hmuriy//myfirstproject
520 error Linux 5.4.0-125-generic
521 error argv "/usr/bin/node" "/usr/bin/npm" "install" "webpack"
522 error node v8.10.0
523 error npm  v3.5.2
524 error code EMISSINGARG
525 error typeerror Error: Missing required argument #1
525 error typeerror     at andLogAndFinish (/usr/share/npm/lib/fetch-package-metadata.js:31:3)
525 error typeerror     at fetchPackageMetadata (/usr/share/npm/lib/fetch-package-metadata.js:51:22)
525 error typeerror     at resolveWithNewModule (/usr/share/npm/lib/install/deps.js:456:12)
525 error typeerror     at /usr/share/npm/lib/install/deps.js:457:7
525 error typeerror     at /usr/share/npm/node_modules/iferr/index.js:13:50
525 error typeerror     at /usr/share/npm/lib/fetch-package-metadata.js:37:12
525 error typeerror     at addRequestedAndFinish (/usr/share/npm/lib/fetch-package-metadata.js:82:5)
525 error typeerror     at returnAndAddMetadata (/usr/share/npm/lib/fetch-package-metadata.js:117:7)
525 error typeerror     at pickVersionFromRegistryDocument (/usr/share/npm/lib/fetch-package-metadata.js:134:20)
525 error typeerror     at /usr/share/npm/node_modules/iferr/index.js:13:50
526 error typeerror This is an error with npm itself. Please report this error at:
526 error typeerror     <http://github.com/npm/npm/issues>
527 verbose exit [ 1, true ]
